0 verbose cli /usr/bin/node /usr/bin/npm
1 info using npm@10.8.2
2 info using node@v20.15.1
3 silly config load:file:/usr/lib/node_modules/npm/npmrc
4 silly config load:file:/home/container/.npmrc
5 silly config load:file:/usr/etc/npmrc
6 verbose title npm install prettier
7 verbose argv "install" "--global" "prettier"
8 verbose logfile logs-max:10 dir:/home/container/.npm/_logs/2024-09-07T10_32_25_060Z-
9 verbose logfile /home/container/.npm/_logs/2024-09-07T10_32_25_060Z-debug-0.log
10 silly packumentCache heap:2105540608 maxSize:526385152 maxEntrySize:263192576
11 silly logfile start cleaning logs, removing 1 files
12 silly logfile done cleaning log files
13 silly idealTree buildDeps
14 silly fetch manifest prettier@*
15 silly packumentCache full:https://registry.npmjs.org/prettier cache-miss
16 http fetch GET 200 https://registry.npmjs.org/prettier 16ms (cache hit)
17 silly packumentCache full:https://registry.npmjs.org/prettier set size:536542 disposed:false
18 silly placeDep ROOT prettier@3.3.3 OK for:  want: *
19 silly reify moves {}
20 verbose stack Error: ENOENT: no such file or directory, mkdir '/usr/lib/node_modules/prettier'
20 verbose stack     at async mkdir (node:internal/fs/promises:858:10)
20 verbose stack     at async /usr/lib/node_modules/npm/node_modules/@npmcli/arborist/lib/arborist/reify.js:624:20
20 verbose stack     at async Promise.allSettled (index 0)
20 verbose stack     at async [reifyPackages] (/usr/lib/node_modules/npm/node_modules/@npmcli/arborist/lib/arborist/reify.js:325:11)
20 verbose stack     at async Arborist.reify (/usr/lib/node_modules/npm/node_modules/@npmcli/arborist/lib/arborist/reify.js:142:5)
20 verbose stack     at async Install.exec (/usr/lib/node_modules/npm/lib/commands/install.js:150:5)
20 verbose stack     at async Npm.exec (/usr/lib/node_modules/npm/lib/npm.js:207:9)
20 verbose stack     at async module.exports (/usr/lib/node_modules/npm/lib/cli/entry.js:74:5)
21 error code ENOENT
22 error syscall mkdir
23 error path /usr/lib/node_modules/prettier
24 error errno -2
25 error enoent ENOENT: no such file or directory, mkdir '/usr/lib/node_modules/prettier'
26 error enoent This is related to npm not being able to find a file.
26 error enoent
27 silly unfinished npm timer reify 1725705145401
28 silly unfinished npm timer reify:createSparse 1725705145465
29 verbose cwd /home/container
30 verbose os Linux 5.4.0-192-generic
31 verbose node v20.15.1
32 verbose npm  v10.8.2
33 verbose exit -2
34 verbose code -2
35 error A complete log of this run can be found in: /home/container/.npm/_logs/2024-09-07T10_32_25_060Z-debug-0.log
